999688,999688
999689,999689
999690,999690
999691,999691
999692,999692
999693,999693
999694,999694
999695,999695
999696,999696
999697,999697
999698,999698
999699,999699
999700,999700
999701,999701
999702,999702
999703,999703
999704,999704
999705,999705
999706,999706
999707,999707
999708,999708
999709,999709
999710,999710
999711,999711
999712,999712
999713,999713
999714,999714
999715,999715
999716,999716
999717,999717
999718,999718
999719,999719
999720,999720
999721,999721
999722,999722
999723,999723
999724,999724
999725,999725
999726,999726
999727,999727
999728,999728
999729,999729
999730,999730
999731,999731
999732,999732
999733,999733
999734,999734
999735,999735
999736,999736
999737,999737
999738,999738
999739,999739
999740,999740
999741,999741
999742,999742
999743,999743
999744,999744
999745,999745
999746,999746
999747,999747
999748,999748
999749,999749
999750,999750
999751,999751
999752,999752
999753,999753
999754,999754
999755,999755
999756,999756
999757,999757
999758,999758
999759,999759
999760,999760
999761,999761
999762,999762
999763,999763
999764,999764
999765,999765
999766,999766
999767,999767
999768,999768
999769,999769
999770,999770
999771,999771
999772,999772
999773,999773
999774,999774
999775,999775
999776,999776
999777,999777
999778,999778
999779,999779
999780,999780
999781,999781
999782,999782
999783,999783
999784,999784
999785,999785
999786,999786
999787,999787
999788,999788
999789,999789
999790,999790
999791,999791
999792,999792
999793,999793
999794,999794
999795,999795
999796,999796
999797,999797
999798,999798
999799,999799
999800,999800
999801,999801
999802,999802
999803,999803
999804,999804
999805,999805
999806,999806
999807,999807
999808,999808
999809,999809
999810,999810
999811,999811
999812,999812
999813,999813
999814,999814
999815,999815
999816,999816
999817,999817
999818,999818
999819,999819
999820,999820
999821,999821
999822,999822
999823,999823
999824,999824
999825,999825
999826,999826
999827,999827
999828,999828
999829,999829
999830,999830
999831,999831
999832,999832
999833,999833
999834,999834
999835,999835
999836,999836
999837,999837
999838,999838
999839,999839
999840,999840
999841,999841
999842,999842
999843,999843
999844,999844
999845,999845
999846,999846
999847,999847
999848,999848
999849,999849
999850,999850
999851,999851
999852,999852
999853,999853
999854,999854
999855,999855
999856,999856
999857,999857
999858,999858
999859,999859
999860,999860
999861,999861
999862,999862
999863,999863
999864,999864
999865,999865
999866,999866
999867,999867
999868,999868
999869,999869
999870,999870
999871,999871
999872,999872
999873,999873
999874,999874
999875,999875
999876,999876
999877,999877
999878,999878
999879,999879
999880,999880
999881,999881
999882,999882
999883,999883
999884,999884
999885,999885
999886,999886
999887,999887
999888,999888
999889,999889
999890,999890
999891,999891
999892,999892
999893,999893
999894,999894
999895,999895
999896,999896
999897,999897
999898,999898
999899,999899
999900,999900
999901,999901
999902,999902
999903,999903
999904,999904
999905,999905
999906,999906
999907,999907
999908,999908
999909,999909
999910,999910
999911,999911
999912,999912
999913,999913
999914,999914
999915,999915
999916,999916
999917,999917
999918,999918
999919,999919
999920,999920
999921,999921
999922,999922
999923,999923
999924,999924
999925,999925
999926,999926
999927,999927
999928,999928
999929,999929
999930,999930
999931,999931
999932,999932
999933,999933
999934,999934
999935,999935
999936,999936
999937,999937
999938,999938
999939,999939
999940,999940
999941,999941
999942,999942
999943,999943
999944,999944
999945,999945
999946,999946
999947,999947
999948,999948
999949,999949
999950,999950
999951,999951
999952,999952
999953,999953
999954,999954
999955,999955
999956,999956
999957,999957
999958,999958
999959,999959
999960,999960
999961,999961
999962,999962
999963,999963
999964,999964
999965,999965
999966,999966
999967,999967
999968,999968
999969,999969
999970,999970
999971,999971
999972,999972
999973,999973
999974,999974
999975,999975
999976,999976
999977,999977
999978,999978
999979,999979
999980,999980
999981,999981
999982,999982
999983,999983
999984,999984
999985,999985
999986,999986
999987,999987
999988,999988
999989,999989
999990,999990
999991,999991
999992,999992
999993,999993
999994,999994
999995,999995
999996,999996
999997,999997
999998,999998
999999,999999
1000000,1000000
